2025-06-24 09:48:34,384 - debug - INFO - Query:Черевики робочі
2025-06-24 09:48:34,430 - debug - INFO - Results:data: [[{'id': 458949628243954010, 'distance': 0.7606372237205505, 'entity': {'text': 'Черевики робочі Черевики захисні ТОВ СПЕЦ ВІК', 'name': 'ТОВ СПЕЦ ВІК', 'costs': 450.0, 'costs_NDS': 540.0, 'tovar_name': 'Черевики робочі', 'name_tovar_1C': 'Черевики захисні', 'date_prihod': '2022-11-01 00:00:00'}}, {'id': 458949628243961918, 'distance': 0.7550166845321655, 'entity': {'text': 'Черевики Черевики робочі ФОП Ляшенко Марина Валеріївна', 'name': 'ФОП Ляшенко Марина Валеріївна', 'costs': 600.0, 'costs_NDS': 600.0, 'tovar_name': 'Черевики', 'name_tovar_1C': 'Черевики робочі', 'date_prihod': '2025-02-04 00:00:00'}}, {'id': 458949628243954035, 'distance': 0.7426990270614624, 'entity': {'text': 'Черевики робочі Черевики робочі, р.37 ТОВ СПЕЦ ВІК', 'name': 'ТОВ СПЕЦ ВІК', 'costs': 450.0, 'costs_NDS': 540.0, 'tovar_name': 'Черевики робочі', 'name_tovar_1C': 'Черевики робочі, р.37', 'date_prihod': '2022-11-01 00:00:00'}}, {'id': 458949628243954034, 'distance': 0.7408888936042786, 'entity': {'text': 'Черевики робочі Черевики робочі, р.37 ТОВ СПЕЦ ВІК', 'name': 'ТОВ СПЕЦ ВІК', 'costs': 450.0, 'costs_NDS': 540.0, 'tovar_name': 'Черевики робочі', 'name_tovar_1C': 'Черевики робочі, р.37', 'date_prihod': '2022-11-01 00:00:00'}}, {'id': 458949628243954015, 'distance': 0.7372827529907227, 'entity': {'text': 'Черевики робочі Черевики робочі, р.38 ТОВ СПЕЦ ВІК', 'name': 'ТОВ СПЕЦ ВІК', 'costs': 450.0, 'costs_NDS': 540.0, 'tovar_name': 'Черевики робочі', 'name_tovar_1C': 'Черевики робочі, р.38', 'date_prihod': '2022-11-01 00:00:00'}}, {'id': 458949628243954027, 'distance': 0.7372004985809326, 'entity': {'text': 'Черевики робочі Черевики робочі, р.38 ТОВ СПЕЦ ВІК', 'name': 'ТОВ СПЕЦ ВІК', 'costs': 450.0, 'costs_NDS': 540.0, 'tovar_name': 'Черевики робочі', 'name_tovar_1C': 'Черевики робочі, р.38', 'date_prihod': '2022-11-01 00:00:00'}}, {'id': 458949628243954016, 'distance': 0.7353648543357849, 'entity': {'text': 'Черевики робочі Черевики робочі, р.38 ТОВ СПЕЦ ВІК', 'name': 'ТОВ СПЕЦ ВІК', 'costs': 450.0, 'costs_NDS': 540.0, 'tovar_name': 'Черевики робочі', 'name_tovar_1C': 'Черевики робочі, р.38', 'date_prihod': '2022-11-01 00:00:00'}}, {'id': 458949628243954032, 'distance': 0.733837902545929, 'entity': {'text': 'Черевики робочі Черевики робочі, р.40 ТОВ СПЕЦ ВІК', 'name': 'ТОВ СПЕЦ ВІК', 'costs': 450.0, 'costs_NDS': 540.0, 'tovar_name': 'Черевики робочі', 'name_tovar_1C': 'Черевики робочі, р.40', 'date_prihod': '2022-11-01 00:00:00'}}, {'id': 458949628243954022, 'distance': 0.7332857251167297, 'entity': {'text': 'Черевики робочі Черевики робочі, р.42 ТОВ СПЕЦ ВІК', 'name': 'ТОВ СПЕЦ ВІК', 'costs': 450.0, 'costs_NDS': 540.0, 'tovar_name': 'Черевики робочі', 'name_tovar_1C': 'Черевики робочі, р.42', 'date_prihod': '2022-11-01 00:00:00'}}, {'id': 458949628243953985, 'distance': 0.7332575917243958, 'entity': {'text': 'Черевики робочі Черевики робочі, р.42 ТОВ СПЕЦ ВІК', 'name': 'ТОВ СПЕЦ ВІК', 'costs': 400.0, 'costs_NDS': 480.0, 'tovar_name': 'Черевики робочі', 'name_tovar_1C': 'Черевики робочі, р.42', 'date_prihod': '2022-06-01 00:00:00'}}] ... and 90 entities remaining]
2025-06-24 09:48:34,430 - debug - INFO - distance:0.7606372237205505
2025-06-24 09:48:34,430 - debug - INFO - distance:0.7606372237205505
2025-06-24 09:48:34,430 - debug - INFO - tovar_name:Черевики робочі
2025-06-24 09:48:34,431 - debug - INFO - distance:0.7550166845321655
2025-06-24 09:48:34,431 - debug - INFO - distance:0.7550166845321655
2025-06-24 09:48:34,431 - debug - INFO - tovar_name:Черевики
2025-06-24 09:48:34,431 - debug - INFO - distance:0.7426990270614624
2025-06-24 09:48:34,431 - debug - INFO - distance:0.7426990270614624
2025-06-24 09:48:34,431 - debug - INFO - tovar_name:Черевики робочі
2025-06-24 09:48:34,432 - debug - INFO - distance:0.7408888936042786
2025-06-24 09:48:34,432 - debug - INFO - distance:0.7408888936042786
2025-06-24 09:48:34,432 - debug - INFO - tovar_name:Черевики робочі
2025-06-24 09:48:34,432 - debug - INFO - distance:0.7372827529907227
2025-06-24 09:48:34,432 - debug - INFO - distance:0.7372827529907227
2025-06-24 09:48:34,433 - debug - INFO - tovar_name:Черевики робочі
2025-06-24 09:48:34,433 - debug - INFO - distance:0.7372004985809326
2025-06-24 09:48:34,433 - debug - INFO - distance:0.7372004985809326
2025-06-24 09:48:34,433 - debug - INFO - tovar_name:Черевики робочі
2025-06-24 09:48:34,433 - debug - INFO - distance:0.7353648543357849
2025-06-24 09:48:34,433 - debug - INFO - distance:0.7353648543357849
2025-06-24 09:48:34,434 - debug - INFO - tovar_name:Черевики робочі
2025-06-24 09:48:34,434 - debug - INFO - distance:0.733837902545929
2025-06-24 09:48:34,434 - debug - INFO - distance:0.733837902545929
2025-06-24 09:48:34,434 - debug - INFO - tovar_name:Черевики робочі
2025-06-24 09:48:34,434 - debug - INFO - distance:0.7332857251167297
2025-06-24 09:48:34,434 - debug - INFO - distance:0.7332857251167297
2025-06-24 09:48:34,435 - debug - INFO - tovar_name:Черевики робочі
2025-06-24 09:48:34,435 - debug - INFO - distance:0.7332575917243958
2025-06-24 09:48:34,435 - debug - INFO - distance:0.7332575917243958
2025-06-24 09:48:34,435 - debug - INFO - tovar_name:Черевики робочі
2025-06-24 09:48:34,435 - debug - INFO - distance:0.7332462072372437
2025-06-24 09:48:34,435 - debug - INFO - distance:0.7332462072372437
2025-06-24 09:48:34,436 - debug - INFO - tovar_name:Черевики робочі
2025-06-24 09:48:34,436 - debug - INFO - distance:0.7320048213005066
2025-06-24 09:48:34,436 - debug - INFO - distance:0.7320048213005066
2025-06-24 09:48:34,436 - debug - INFO - tovar_name:Черевики робочі
2025-06-24 09:48:34,436 - debug - INFO - distance:0.7311850786209106
2025-06-24 09:48:34,436 - debug - INFO - distance:0.7311850786209106
2025-06-24 09:48:34,437 - debug - INFO - tovar_name:Черевики робочі
2025-06-24 09:48:34,437 - debug - INFO - distance:0.730673611164093
2025-06-24 09:48:34,437 - debug - INFO - distance:0.730673611164093
2025-06-24 09:48:34,437 - debug - INFO - tovar_name:Черевики робочі
2025-06-24 09:48:34,438 - debug - INFO - distance:0.7304349541664124
2025-06-24 09:48:34,438 - debug - INFO - distance:0.7304349541664124
2025-06-24 09:48:34,438 - debug - INFO - tovar_name:Черевики робочі
2025-06-24 09:48:34,438 - debug - INFO - distance:0.7289450168609619
2025-06-24 09:48:34,438 - debug - INFO - distance:0.7289450168609619
2025-06-24 09:48:34,438 - debug - INFO - tovar_name:Черевики робочі
2025-06-24 09:48:34,438 - debug - INFO - distance:0.7288621664047241
2025-06-24 09:48:34,438 - debug - INFO - distance:0.7288621664047241
2025-06-24 09:48:34,438 - debug - INFO - tovar_name:Черевики робочі
2025-06-24 09:48:34,438 - debug - INFO - distance:0.7279635667800903
2025-06-24 09:48:34,438 - debug - INFO - distance:0.7279635667800903
2025-06-24 09:48:34,438 - debug - INFO - tovar_name:Черевики робочі
2025-06-24 09:48:34,438 - debug - INFO - distance:0.7274122834205627
2025-06-24 09:48:34,438 - debug - INFO - distance:0.7274122834205627
2025-06-24 09:48:34,438 - debug - INFO - tovar_name:Черевики робочі
2025-06-24 09:48:34,439 - debug - INFO - distance:0.7268869876861572
2025-06-24 09:48:34,439 - debug - INFO - distance:0.7268869876861572
2025-06-24 09:48:34,439 - debug - INFO - tovar_name:Черевики робочі
2025-06-24 09:48:34,439 - debug - INFO - distance:0.7268742918968201
2025-06-24 09:48:34,439 - debug - INFO - distance:0.7268742918968201
2025-06-24 09:48:34,439 - debug - INFO - tovar_name:Черевики робочі
2025-06-24 09:48:34,439 - debug - INFO - distance:0.7267288565635681
2025-06-24 09:48:34,439 - debug - INFO - distance:0.7267288565635681
2025-06-24 09:48:34,439 - debug - INFO - tovar_name:Черевики робочі
2025-06-24 09:48:34,439 - debug - INFO - distance:0.7266848683357239
2025-06-24 09:48:34,439 - debug - INFO - distance:0.7266848683357239
2025-06-24 09:48:34,439 - debug - INFO - tovar_name:Черевики робочі
2025-06-24 09:48:34,439 - debug - INFO - distance:0.7258792519569397
2025-06-24 09:48:34,440 - debug - INFO - distance:0.7258792519569397
2025-06-24 09:48:34,440 - debug - INFO - tovar_name:Черевики робочі
2025-06-24 09:48:34,440 - debug - INFO - distance:0.7256135940551758
2025-06-24 09:48:34,440 - debug - INFO - distance:0.7256135940551758
2025-06-24 09:48:34,440 - debug - INFO - tovar_name:Черевики робочі
2025-06-24 09:48:34,440 - debug - INFO - distance:0.724972128868103
2025-06-24 09:48:34,441 - debug - INFO - distance:0.724972128868103
2025-06-24 09:48:34,441 - debug - INFO - tovar_name:Черевики робочі
2025-06-24 09:48:34,441 - debug - INFO - distance:0.7248716354370117
2025-06-24 09:48:34,441 - debug - INFO - distance:0.7248716354370117
2025-06-24 09:48:34,441 - debug - INFO - tovar_name:Черевики робочі
2025-06-24 09:48:34,442 - debug - INFO - distance:0.7248184084892273
2025-06-24 09:48:34,442 - debug - INFO - distance:0.7248184084892273
2025-06-24 09:48:34,442 - debug - INFO - tovar_name:Черевики робочі
2025-06-24 09:48:34,442 - debug - INFO - distance:0.7208507061004639
2025-06-24 09:48:34,442 - debug - INFO - distance:0.7208507061004639
2025-06-24 09:48:34,442 - debug - INFO - tovar_name:Черевики робочі RROFI
2025-06-24 09:48:34,442 - debug - INFO - distance:0.7201652526855469
2025-06-24 09:48:34,443 - debug - INFO - distance:0.7201652526855469
2025-06-24 09:48:34,443 - debug - INFO - tovar_name:Черевики робочі
2025-06-24 09:48:34,443 - debug - INFO - distance:0.708616316318512
2025-06-24 09:48:34,443 - debug - INFO - distance:0.708616316318512
2025-06-24 09:48:34,443 - debug - INFO - tovar_name:Черевики робочі PROFI-M
2025-06-24 09:48:34,443 - debug - INFO - distance:0.7047570943832397
2025-06-24 09:48:34,444 - debug - INFO - distance:0.7047570943832397
2025-06-24 09:48:34,444 - debug - INFO - tovar_name:Черевики робочі
2025-06-24 09:48:34,444 - debug - INFO - distance:0.7020198106765747
2025-06-24 09:48:34,444 - debug - INFO - distance:0.7020198106765747
2025-06-24 09:48:34,444 - debug - INFO - tovar_name:Черевеки робочі «PROFI»
2025-06-24 09:48:34,444 - debug - INFO - distance:0.7009082436561584
2025-06-24 09:48:34,444 - debug - INFO - distance:0.7009082436561584
2025-06-24 09:48:34,445 - debug - INFO - tovar_name:Черевики робочі PROFI
2025-06-24 09:48:34,445 - debug - INFO - distance:0.6991807222366333
2025-06-24 09:48:34,445 - debug - INFO - distance:0.6991807222366333
2025-06-24 09:48:34,445 - debug - INFO - tovar_name:черевики робочі "PROFI-M"
2025-06-24 09:48:34,445 - debug - INFO - distance:0.6991807222366333
2025-06-24 09:48:34,445 - debug - INFO - distance:0.6991807222366333
2025-06-24 09:48:34,445 - debug - INFO - tovar_name:черевики робочі "PROFI-M"
2025-06-24 09:48:34,445 - debug - INFO - distance:0.6991807222366333
2025-06-24 09:48:34,446 - debug - INFO - distance:0.6991807222366333
2025-06-24 09:48:34,446 - debug - INFO - tovar_name:черевики робочі "PROFI-M"
2025-06-24 09:48:34,446 - debug - INFO - distance:0.6991807222366333
2025-06-24 09:48:34,446 - debug - INFO - distance:0.6991807222366333
2025-06-24 09:48:34,446 - debug - INFO - tovar_name:черевики робочі "PROFI-M"
2025-06-24 09:48:34,446 - debug - INFO - distance:0.6991807222366333
2025-06-24 09:48:34,446 - debug - INFO - distance:0.6991807222366333
2025-06-24 09:48:34,447 - debug - INFO - tovar_name:черевики робочі "PROFI-M"
2025-06-24 09:48:34,447 - debug - INFO - distance:0.6991807222366333
2025-06-24 09:48:34,447 - debug - INFO - distance:0.6991807222366333
2025-06-24 09:48:34,447 - debug - INFO - tovar_name:черевики робочі "PROFI-M"
2025-06-24 09:48:34,447 - debug - INFO - distance:0.6991807222366333
2025-06-24 09:48:34,447 - debug - INFO - distance:0.6991807222366333
2025-06-24 09:48:34,447 - debug - INFO - tovar_name:черевики робочі "PROFI-M"
2025-06-24 09:48:34,448 - debug - INFO - distance:0.6991807222366333
2025-06-24 09:48:34,448 - debug - INFO - distance:0.6991807222366333
2025-06-24 09:48:34,448 - debug - INFO - tovar_name:черевики робочі "PROFI-M"
2025-06-24 09:48:34,448 - debug - INFO - distance:0.6991233825683594
2025-06-24 09:48:34,448 - debug - INFO - distance:0.6991233825683594
2025-06-24 09:48:34,448 - debug - INFO - tovar_name:черевики робочі "PROFI-M"
2025-06-24 09:48:34,448 - debug - INFO - distance:0.6991233825683594
2025-06-24 09:48:34,449 - debug - INFO - distance:0.6991233825683594
2025-06-24 09:48:34,449 - debug - INFO - tovar_name:черевики робочі "PROFI-M"
2025-06-24 09:48:34,449 - debug - INFO - distance:0.698810875415802
2025-06-24 09:48:34,449 - debug - INFO - distance:0.698810875415802
2025-06-24 09:48:34,449 - debug - INFO - tovar_name:Черевики робочі PROFI
2025-06-24 09:48:34,449 - debug - INFO - distance:0.6986544728279114
2025-06-24 09:48:34,450 - debug - INFO - distance:0.6986544728279114
2025-06-24 09:48:34,450 - debug - INFO - tovar_name:Черевики робочі PROFI
2025-06-24 09:48:34,450 - debug - INFO - distance:0.6980319023132324
2025-06-24 09:48:34,450 - debug - INFO - distance:0.6980319023132324
2025-06-24 09:48:34,450 - debug - INFO - tovar_name:Черевики робочі модель 220ТМ
2025-06-24 09:48:34,450 - debug - INFO - distance:0.6949247717857361
2025-06-24 09:48:34,450 - debug - INFO - distance:0.6949247717857361
2025-06-24 09:48:34,451 - debug - INFO - tovar_name:Черевики робочі «PROFI»
2025-06-24 09:48:34,451 - debug - INFO - distance:0.6948037147521973
2025-06-24 09:48:34,451 - debug - INFO - distance:0.6948037147521973
2025-06-24 09:48:34,451 - debug - INFO - tovar_name:Черевики робочі "PROFI"
2025-06-24 09:48:34,451 - debug - INFO - distance:0.6948037147521973
2025-06-24 09:48:34,451 - debug - INFO - distance:0.6948037147521973
2025-06-24 09:48:34,451 - debug - INFO - tovar_name:Черевики робочі "PROFI"
2025-06-24 09:48:34,451 - debug - INFO - distance:0.6948037147521973
2025-06-24 09:48:34,452 - debug - INFO - distance:0.6948037147521973
2025-06-24 09:48:34,452 - debug - INFO - tovar_name:Черевики робочі "PROFI"
2025-06-24 09:48:34,452 - debug - INFO - distance:0.6948037147521973
2025-06-24 09:48:34,452 - debug - INFO - distance:0.6948037147521973
2025-06-24 09:48:34,452 - debug - INFO - tovar_name:Черевики робочі "PROFI"
2025-06-24 09:48:34,452 - debug - INFO - distance:0.6948037147521973
2025-06-24 09:48:34,453 - debug - INFO - distance:0.6948037147521973
2025-06-24 09:48:34,453 - debug - INFO - tovar_name:Черевики робочі "PROFI"
2025-06-24 09:48:34,453 - debug - INFO - distance:0.6948037147521973
2025-06-24 09:48:34,453 - debug - INFO - distance:0.6948037147521973
2025-06-24 09:48:34,453 - debug - INFO - tovar_name:Черевики робочі "PROFI"
2025-06-24 09:48:34,453 - debug - INFO - distance:0.6948037147521973
2025-06-24 09:48:34,454 - debug - INFO - distance:0.6948037147521973
2025-06-24 09:48:34,454 - debug - INFO - tovar_name:Черевики робочі "PROFI"
2025-06-24 09:48:34,454 - debug - INFO - distance:0.6947343349456787
2025-06-24 09:48:34,454 - debug - INFO - distance:0.6947343349456787
2025-06-24 09:48:34,454 - debug - INFO - tovar_name:Черевики робочі "PROFI"
2025-06-24 09:48:34,454 - debug - INFO - distance:0.6946052312850952
2025-06-24 09:48:34,454 - debug - INFO - distance:0.6946052312850952
2025-06-24 09:48:34,454 - debug - INFO - tovar_name:Черевики робочі «PROFI»
2025-06-24 09:48:34,454 - debug - INFO - distance:0.6946052312850952
2025-06-24 09:48:34,455 - debug - INFO - distance:0.6946052312850952
2025-06-24 09:48:34,455 - debug - INFO - tovar_name:Черевики робочі «PROFI»
2025-06-24 09:48:34,455 - debug - INFO - distance:0.692410945892334
2025-06-24 09:48:34,455 - debug - INFO - distance:0.692410945892334
2025-06-24 09:48:34,455 - debug - INFO - tovar_name:Череввики робочі «PROFI»
2025-06-24 09:48:34,455 - debug - INFO - distance:0.6739920973777771
2025-06-24 09:48:34,455 - debug - INFO - distance:0.6739920973777771
2025-06-24 09:48:34,456 - debug - INFO - tovar_name:Черевики робочі
2025-06-24 09:48:34,456 - debug - INFO - distance:0.6650407314300537
2025-06-24 09:48:34,456 - debug - INFO - distance:0.6650407314300537
2025-06-24 09:48:34,456 - debug - INFO - tovar_name:Взуття захисне «PROFI-M»
2025-06-24 09:48:34,456 - debug - INFO - distance:0.6650407314300537
2025-06-24 09:48:34,456 - debug - INFO - distance:0.6650407314300537
2025-06-24 09:48:34,457 - debug - INFO - tovar_name:Взуття захисне «PROFI-M»
2025-06-24 09:48:34,457 - debug - INFO - distance:0.660764753818512
2025-06-24 09:48:34,457 - debug - INFO - distance:0.660764753818512
2025-06-24 09:48:34,457 - debug - INFO - tovar_name:Взуття захисне PROFI
2025-06-24 09:48:34,457 - debug - INFO - distance:0.660764753818512
2025-06-24 09:48:34,457 - debug - INFO - distance:0.660764753818512
2025-06-24 09:48:34,457 - debug - INFO - tovar_name:Взуття захисне PROFI
2025-06-24 09:48:34,457 - debug - INFO - distance:0.6592124104499817
2025-06-24 09:48:34,458 - debug - INFO - distance:0.6592124104499817
2025-06-24 09:48:34,458 - debug - INFO - tovar_name:черевики робочі "PROFI-M"
2025-06-24 09:48:34,458 - debug - INFO - distance:0.6396816372871399
2025-06-24 09:48:34,458 - debug - INFO - distance:0.6396816372871399
2025-06-24 09:48:34,458 - debug - INFO - tovar_name:Черевики робочі з металевим підноском литтєвого методу кріплення підошви
2025-06-24 09:48:34,458 - debug - INFO - distance:0.6242381930351257
2025-06-24 09:48:34,458 - debug - INFO - distance:0.6242381930351257
2025-06-24 09:48:34,459 - debug - INFO - tovar_name:Черевики зварювальника
2025-06-24 09:48:34,459 - debug - INFO - distance:0.61740642786026
2025-06-24 09:48:34,459 - debug - INFO - distance:0.61740642786026
2025-06-24 09:48:34,459 - debug - INFO - tovar_name:Взуття захисне PROFI-M
2025-06-24 09:48:34,459 - debug - INFO - distance:0.5985243320465088
2025-06-24 09:48:34,460 - debug - INFO - distance:0.5985243320465088
2025-06-24 09:48:34,460 - debug - INFO - tovar_name:Чоботи
2025-06-24 09:48:34,460 - debug - INFO - distance:0.5984030365943909
2025-06-24 09:48:34,460 - debug - INFO - distance:0.5984030365943909
2025-06-24 09:48:34,460 - debug - INFO - tovar_name:Чоботи
2025-06-24 09:48:34,460 - debug - INFO - distance:0.5766974687576294
2025-06-24 09:48:34,460 - debug - INFO - distance:0.5766974687576294
2025-06-24 09:48:34,461 - debug - INFO - tovar_name:Костюм робочий (куртка, брюки)
2025-06-24 09:48:34,461 - debug - INFO - distance:0.576641857624054
2025-06-24 09:48:34,461 - debug - INFO - distance:0.576641857624054
2025-06-24 09:48:34,461 - debug - INFO - tovar_name:Костюм робочий (куртка, брюки)
2025-06-24 09:48:34,462 - debug - INFO - distance:0.5719135403633118
2025-06-24 09:48:34,462 - debug - INFO - distance:0.5719135403633118
2025-06-24 09:48:34,462 - debug - INFO - tovar_name:Чоловічі гумові чоботи, традіційні-ХАКІ
2025-06-24 09:48:34,462 - debug - INFO - distance:0.5713451504707336
2025-06-24 09:48:34,462 - debug - INFO - distance:0.5713451504707336
2025-06-24 09:48:34,462 - debug - INFO - tovar_name:Чоботи «Заброди»
2025-06-24 09:48:34,462 - debug - INFO - distance:0.5709317326545715
2025-06-24 09:48:34,463 - debug - INFO - distance:0.5709317326545715
2025-06-24 09:48:34,463 - debug - INFO - tovar_name:Чоловічі гумові чоботи, традиційні-ХАКІ
2025-06-24 09:48:34,463 - debug - INFO - distance:0.5691474080085754
2025-06-24 09:48:34,463 - debug - INFO - distance:0.5691474080085754
2025-06-24 09:48:34,463 - debug - INFO - tovar_name:Чоботи гумові
2025-06-24 09:48:34,463 - debug - INFO - distance:0.5557666420936584
2025-06-24 09:48:34,463 - debug - INFO - distance:0.5557666420936584
2025-06-24 09:48:34,463 - debug - INFO - tovar_name:Костюм рабочий з кокеткою
2025-06-24 09:48:34,464 - debug - INFO - distance:0.5553064346313477
2025-06-24 09:48:34,464 - debug - INFO - distance:0.5553064346313477
2025-06-24 09:48:34,464 - debug - INFO - tovar_name:Куртка робоча утепл.
2025-06-24 09:48:34,464 - debug - INFO - distance:0.5552270412445068
2025-06-24 09:48:34,464 - debug - INFO - distance:0.5552270412445068
2025-06-24 09:48:34,465 - debug - INFO - tovar_name:Куртка робоча утепл.
2025-06-24 09:48:34,465 - debug - INFO - distance:0.5545809268951416
2025-06-24 09:48:34,465 - debug - INFO - distance:0.5545809268951416
2025-06-24 09:48:34,465 - debug - INFO - tovar_name:Костюм робочий з кокеткою
2025-06-24 09:48:34,465 - debug - INFO - distance:0.5545706152915955
2025-06-24 09:48:34,465 - debug - INFO - distance:0.5545706152915955
2025-06-24 09:48:34,465 - debug - INFO - tovar_name:Костюм робочий
2025-06-24 09:48:34,466 - debug - INFO - distance:0.5545291304588318
2025-06-24 09:48:34,466 - debug - INFO - distance:0.5545291304588318
2025-06-24 09:48:34,466 - debug - INFO - tovar_name:Костюм робочий
2025-06-24 09:48:34,466 - debug - INFO - distance:0.5536840558052063
2025-06-24 09:48:34,466 - debug - INFO - distance:0.5536840558052063
2025-06-24 09:48:34,466 - debug - INFO - tovar_name:Костюм робочий з кокеткою
2025-06-24 09:48:34,466 - debug - INFO - distance:0.5529941320419312
2025-06-24 09:48:34,467 - debug - INFO - distance:0.5529941320419312
2025-06-24 09:48:34,467 - debug - INFO - tovar_name:Куртка робоча спеціальна утеплена
2025-06-24 09:48:34,467 - debug - INFO - distance:0.5529139041900635
2025-06-24 09:48:34,467 - debug - INFO - distance:0.5529139041900635
2025-06-24 09:48:34,467 - debug - INFO - tovar_name:Куртка робоча спеціальна утеплена
2025-06-24 09:48:34,468 - debug - INFO - distance:0.5529135465621948
2025-06-24 09:48:34,468 - debug - INFO - distance:0.5529135465621948
2025-06-24 09:48:34,468 - debug - INFO - tovar_name:Куртка робоча спеціальна утеплена
2025-06-24 09:48:34,468 - debug - INFO - distance:0.5529135465621948
2025-06-24 09:48:34,468 - debug - INFO - distance:0.5529135465621948
2025-06-24 09:48:34,468 - debug - INFO - tovar_name:Куртка робоча спеціальна утеплена
2025-06-24 09:48:34,468 - debug - INFO - distance:0.5529135465621948
2025-06-24 09:48:34,469 - debug - INFO - distance:0.5529135465621948
2025-06-24 09:48:34,469 - debug - INFO - tovar_name:Куртка робоча спеціальна утеплена
2025-06-24 09:48:34,469 - debug - INFO - distance:0.5496146082878113
2025-06-24 09:48:34,469 - debug - INFO - distance:0.5496146082878113
2025-06-24 09:48:34,469 - debug - INFO - tovar_name:Костюм робочий утеплений (куртка, брюки)
2025-06-24 09:48:34,469 - debug - INFO - distance:0.5496146082878113
2025-06-24 09:48:34,470 - debug - INFO - distance:0.5496146082878113
2025-06-24 09:48:34,470 - debug - INFO - tovar_name:Костюм робочий утеплений (куртка, брюки)
2025-06-24 09:48:34,470 - debug - INFO - distance:0.5383835434913635
2025-06-24 09:48:34,470 - debug - INFO - distance:0.5383835434913635
2025-06-24 09:48:34,470 - debug - INFO - tovar_name:Куртки для чоловіків
2025-06-24 09:48:34,470 - debug - INFO - distance:0.5324510335922241
2025-06-24 09:48:34,470 - debug - INFO - distance:0.5324510335922241
2025-06-24 09:48:34,471 - debug - INFO - tovar_name:Куртки для чоловіків
2025-06-24 09:48:34,471 - debug - INFO - distance:0.5212607979774475
2025-06-24 09:48:34,471 - debug - INFO - distance:0.5212607979774475
2025-06-24 09:48:34,471 - debug - INFO - tovar_name:Штани Formen navy
2025-06-24 09:48:34,471 - debug - INFO - distance:0.5208122730255127
2025-06-24 09:48:34,472 - debug - INFO - distance:0.5208122730255127
2025-06-24 09:48:34,472 - debug - INFO - tovar_name:Брюки робочі утеплені 6203
2025-06-24 09:48:34,472 - debug - INFO - distance:0.520715057849884
2025-06-24 09:48:34,472 - debug - INFO - distance:0.520715057849884
2025-06-24 09:48:34,473 - debug - INFO - tovar_name:Брюки робочі утеплені 6203
2025-06-24 09:48:34,474 - debug - INFO - distance:0.520715057849884
2025-06-24 09:48:34,474 - debug - INFO - distance:0.520715057849884
2025-06-24 09:48:34,474 - debug - INFO - tovar_name:Брюки робочі утеплені 6203
2025-06-24 09:48:34,474 - debug - INFO - distance:0.520715057849884
2025-06-24 09:48:34,475 - debug - INFO - distance:0.520715057849884
2025-06-24 09:48:34,475 - debug - INFO - tovar_name:Брюки робочі утеплені 6203
2025-06-24 09:48:34,475 - debug - INFO - distance:0.5197045803070068
2025-06-24 09:48:34,475 - debug - INFO - distance:0.5197045803070068
2025-06-24 09:48:34,475 - debug - INFO - tovar_name:Брюки робочі утеплені 6203
2025-06-24 09:48:34,475 - debug - INFO - distance:0.5172840356826782
2025-06-24 09:48:34,475 - debug - INFO - distance:0.5172840356826782
2025-06-24 09:48:34,476 - debug - INFO - tovar_name:Костюм робочий зимовий вогнетривкий з логотипом (куртка,брюки) (000714)
2025-06-24 09:48:34,476 - debug - INFO - distance:0.5157026648521423
2025-06-24 09:48:34,476 - debug - INFO - distance:0.5157026648521423
2025-06-24 09:48:34,476 - debug - INFO - tovar_name:Костюм робочий зимовий вогнетривкий з логотипом (куртка,брюки)
2025-06-24 09:48:34,476 - debug - INFO - Items:[{'text': 'Черевики робочі Черевики захисні ТОВ СПЕЦ ВІК', 'score': 0.7606372237205505, 'name': 'ТОВ СПЕЦ ВІК', 'costs': 450.0, 'costs_NDS': 540.0, 'tovar_name': 'Черевики робочі', 'name_tovar_1C': 'Черевики захисні', 'date_prihod': '2022-11-01 00:00:00'}, {'text': 'Черевики Черевики робочі ФОП Ляшенко Марина Валеріївна', 'score': 0.7550166845321655, 'name': 'ФОП Ляшенко Марина Валеріївна', 'costs': 600.0, 'costs_NDS': 600.0, 'tovar_name': 'Черевики', 'name_tovar_1C': 'Черевики робочі', 'date_prihod': '2025-02-04 00:00:00'}, {'text': 'Черевики робочі Черевики робочі ТОВ ВІК-ЮА', 'score': 0.7248716354370117, 'name': 'ТОВ ВІК-ЮА', 'costs': 895.0, 'costs_NDS': 1074.0, 'tovar_name': 'Черевики робочі', 'name_tovar_1C': 'Черевики робочі', 'date_prihod': '2024-03-04 00:00:00'}, {'text': 'Черевики робочі Черевики робочі ТОВАРИСТВО З ОБМЕЖЕНОЮ ВІДПОВІДАЛЬНІСТЮ «МАЛЬТ»', 'score': 0.6739920973777771, 'name': 'ТОВАРИСТВО З ОБМЕЖЕНОЮ ВІДПОВІДАЛЬНІСТЮ «МАЛЬТ»', 'costs': 583.3300170898438, 'costs_NDS': 699.9959716796875, 'tovar_name': 'Черевики робочі', 'name_tovar_1C': 'Черевики робочі', 'date_prihod': '2/27/2024'}, {'text': 'Взуття захисне PROFI-M Черевики робочі ТОВАРИСТВО З ОБМЕЖЕНОЮ ВІДПОВІДАЛЬНІСТЮ БЕТОН-СТІЛЛ', 'score': 0.61740642786026, 'name': 'ТОВАРИСТВО З ОБМЕЖЕНОЮ ВІДПОВІДАЛЬНІСТЮ БЕТОН-СТІЛЛ', 'costs': 465.0, 'costs_NDS': 558.0, 'tovar_name': 'Взуття захисне PROFI-M', 'name_tovar_1C': 'Черевики робочі', 'date_prihod': '2025-03-03 00:00:00'}, {'text': 'Костюм робочий (куртка, брюки) Костюм робочий ФОП ЛАВРУСЕНКО НЕЛЯ ВАДИМІВНА', 'score': 0.5766974687576294, 'name': 'ФОП ЛАВРУСЕНКО НЕЛЯ ВАДИМІВНА', 'costs': 798.25, 'costs_NDS': 957.9000244140625, 'tovar_name': 'Костюм робочий (куртка, брюки)', 'name_tovar_1C': 'Костюм робочий', 'date_prihod': '2022-12-01 00:00:00'}, {'text': 'Штани Formen navy Штани для ІТР ТОВ БЕЗПЕКА-КОМПЛЕКС', 'score': 0.5212607979774475, 'name': 'ТОВ БЕЗПЕКА-КОМПЛЕКС', 'costs': 856.6666870117188, 'costs_NDS': 1028.0, 'tovar_name': 'Штани Formen navy', 'name_tovar_1C': 'Штани для ІТР', 'date_prihod': '3/15/2024'}]
2025-06-24 09:48:34,477 - debug - INFO - None
2025-06-24 09:48:35,289 - debug - INFO - Running Task ext_relevant_1750758514
2025-06-24 09:48:35,479 - debug - INFO - {'id': 'ext_relevant_1750758514', 'function': 'extracting_relevant_products', 'response': None, 'error': None}
2025-06-24 09:48:36,481 - debug - INFO - {'id': 'ext_relevant_1750758514', 'function': 'extracting_relevant_products', 'response': None, 'error': None}
2025-06-24 09:48:37,129 - debug - INFO - Task ext_relevant_1750758514 status: queued
2025-06-24 09:48:37,484 - debug - INFO - {'id': 'ext_relevant_1750758514', 'function': 'extracting_relevant_products', 'response': None, 'error': None}
2025-06-24 09:48:38,486 - debug - INFO - {'id': 'ext_relevant_1750758514', 'function': 'extracting_relevant_products', 'response': None, 'error': None}
2025-06-24 09:48:38,544 - debug - INFO - Task ext_relevant_1750758514 status: in_progress
2025-06-24 09:48:39,491 - debug - INFO - {'id': 'ext_relevant_1750758514', 'function': 'extracting_relevant_products', 'response': None, 'error': None}
2025-06-24 09:48:39,895 - debug - INFO - Task ext_relevant_1750758514 status: requires_action
2025-06-24 09:48:39,896 - debug - INFO - Assistant called function: extracting_relevant_products
2025-06-24 09:48:39,896 - debug - INFO - Function arguments:
{"query":"Черевики робочі","relevant_products":["Черевики робочі","Черевики","Черевики робочі","Черевики робочі","Взуття захисне PROFI-M"]}
2025-06-24 09:48:40,492 - debug - INFO - {'id': 'ext_relevant_1750758514', 'function': 'extracting_relevant_products', 'response': None, 'error': None}
2025-06-24 09:48:41,493 - debug - INFO - app.services.vector_service.py | result: {'id': 'ext_relevant_1750758514', 'function': 'extracting_relevant_products', 'response': [{'query': 'Черевики робочі', 'relevant_products': ['Черевики робочі', 'Черевики', 'Черевики робочі', 'Черевики робочі', 'Взуття захисне PROFI-M']}], 'error': None}
2025-06-24 09:48:42,186 - debug - INFO - Task ext_relevant_1750758514 status: in_progress
2025-06-24 09:48:43,545 - debug - INFO - Task ext_relevant_1750758514 status: completed
2025-06-24 09:48:43,545 - debug - INFO - Task ext_relevant_1750758514 completed
2025-06-24 09:50:50,852 - debug - INFO - 🛑 Shutting down
2025-06-24 09:50:51,950 - debug - INFO - Using existing collection: goods_import
2025-06-24 09:50:51,965 - debug - INFO - Using existing collection: goods_import
2025-06-24 09:50:52,121 - debug - INFO - Finished scanning for 2025-05.
2025-06-24 09:50:52,121 - debug - INFO - 
Regions with CPV 45000000-7 tenders in the selected month:
2025-06-24 09:50:52,122 - debug - INFO - 🚀 AssistantManager initialized
2025-06-24 09:50:57,249 - debug - INFO - 🛑 Shutting down
2025-06-24 09:50:58,093 - debug - INFO - Using existing collection: goods_import
2025-06-24 09:50:58,103 - debug - INFO - Using existing collection: goods_import
2025-06-24 09:50:58,209 - debug - INFO - Finished scanning for 2025-05.
2025-06-24 09:50:58,210 - debug - INFO - 
Regions with CPV 45000000-7 tenders in the selected month:
2025-06-24 09:50:58,211 - debug - INFO - 🚀 AssistantManager initialized
2025-06-24 09:51:07,860 - debug - INFO - 🛑 Shutting down
